<?xml version="1.0" encoding="UTF-8"?>
<testng-results ignored="0" total="1" passed="1" failed="0" skipped="0">
  <reporter-output>
  </reporter-output>
  <suite started-at="2025-01-21T13:46:54 YEKT" name="Surefire suite" finished-at="2025-01-21T13:47:29 YEKT" duration-ms="34879">
    <groups>
    </groups>
    <test started-at="2025-01-21T13:46:54 YEKT" name="Surefire test" finished-at="2025-01-21T13:47:29 YEKT" duration-ms="34879">
      <class name="TestAllure">
        <test-method is-config="true" signature="setUp()[pri:0, instance:TestAllure@1ed4ae0f]" started-at="2025-01-21T13:46:54 YEKT" name="setUp" finished-at="2025-01-21T13:46:56 YEKT" duration-ms="2123" status="PASS">
          <reporter-output>
          </reporter-output>
        </test-method> <!-- setUp -->
        <test-method signature="test1()[pri:0, instance:TestAllure@1ed4ae0f]" started-at="2025-01-21T13:46:56 YEKT" name="test1" finished-at="2025-01-21T13:47:29 YEKT" duration-ms="32563" status="PASS">
          <reporter-output>
          </reporter-output>
        </test-method> <!-- test1 -->
        <test-method is-config="true" signature="quit()[pri:0, instance:TestAllure@1ed4ae0f]" started-at="2025-01-21T13:47:29 YEKT" name="quit" finished-at="2025-01-21T13:47:29 YEKT" duration-ms="97" status="PASS">
          <reporter-output>
          </reporter-output>
        </test-method> <!-- quit -->
      </class> <!-- TestAllure -->
    </test> <!-- Surefire test -->
  </suite> <!-- Surefire suite -->
</testng-results>
